********************************************************************************
Probe Values Report, written on Wed Oct 18 21:46:54 2023

Source
-------

   ODB: C:/temp/Job-1.odb
   Step: Step-1
   Frame: Increment      1: Step Time =    1.000
   Variable: U, All direct

Probe values reported at nodes

  Part Instance     Node ID                   Orig. Coords                                     Def. Coords                 
                                    X               Y               Z               X               Y               Z      
-------------------------------------------------------------------------------------------------------------------------
    PART-1-1           1            -75.             7.5             10.            -75.             7.5             10.
    PART-1-1           2            -75.             8.5             10.            -75.             8.5             10.
    PART-1-1           3            -75.             8.5              0.         -74.999         9.41401     65.4197E-03
    PART-1-1           4            -75.             7.5              0.        -75.0007         8.41353    -70.2057E-03
    PART-1-1           5            -74.             8.5             10.            -74.             8.5             10.
    PART-1-1           6            -74.             8.5              0.        -73.9994         9.41315     70.4743E-03
    PART-1-1           7            -74.             7.5              0.        -74.0005         8.41168    -65.3499E-03
    PART-1-1           8            -74.             7.5             10.            -74.             7.5             10.
    PART-1-1           9            -75.             8.5              9.        -75.0048         8.51958         9.01606
    PART-1-1          10            -75.             8.5              8.        -75.0068           8.567         8.02243
    PART-1-1          11            -75.             8.5              7.        -75.0079         8.62645          7.0328
    PART-1-1          12            -75.             8.5              6.        -75.0078         8.69629         6.03784
    PART-1-1          13            -75.             8.5              5.        -75.0101          8.7859         5.04719
    PART-1-1          14            -75.             8.5              4.        -75.0104         8.89277         4.05481
    PART-1-1          15            -75.             8.5              3.        -75.0089         9.01407         3.05996
    PART-1-1          16            -75.             8.5              2.        -75.0072          9.1418         2.06301
    PART-1-1          17            -75.             8.5              1.        -75.0035         9.27607         1.06479
    PART-1-1          18            -75.             7.5              1.        -75.0049          8.2763      930.78E-03
    PART-1-1          19            -75.             7.5              2.        -75.0074         8.14231         1.93348
    PART-1-1          20            -75.             7.5              3.        -75.0098         8.01469         2.93646
    PART-1-1          21            -75.             7.5              4.        -75.0109         7.89354          3.9425
    PART-1-1          22            -75.             7.5              5.        -75.0103         7.78664         4.95087
    PART-1-1          23            -75.             7.5              6.        -75.0093         7.69674         5.96061
    PART-1-1          24            -75.             7.5              7.        -75.0081         7.62667         6.96511
    PART-1-1          25            -75.             7.5              8.         -75.006         7.56755         7.97628
    PART-1-1          26            -75.             7.5              9.        -75.0058         7.51943         8.98335
    PART-1-1          27            -74.             8.5              9.        -74.0047         8.51878         9.01694
    PART-1-1          28            -74.             8.5              8.        -74.0051          8.5665          8.0237
    PART-1-1          29            -74.             8.5              7.        -74.0065         8.62485         7.03483
    PART-1-1          30            -74.             8.5              6.        -74.0075         8.69508         6.03924
    PART-1-1          31            -74.             8.5              5.        -74.0088         8.78502         5.04904
    PART-1-1          32            -74.             8.5              4.        -74.0095         8.89226         4.05697
    PART-1-1          33            -74.             8.5              3.        -74.0086         9.01346         3.06321
    PART-1-1          34            -74.             8.5              2.        -74.0062         9.14111         2.06635
    PART-1-1          35            -74.             8.5              1.        -74.0036         9.27515         1.06901
    PART-1-1          36            -74.             7.5              1.        -74.0048         8.27494     935.106E-03
    PART-1-1          37            -74.             7.5              2.        -74.0083         8.14052         1.93689
    PART-1-1          38            -74.             7.5              3.        -74.0102         8.01291         2.94008
    PART-1-1          39            -74.             7.5              4.        -74.0118         7.89139         3.94528
    PART-1-1          40            -74.             7.5              5.        -74.0117         7.78443         4.95238
    PART-1-1          41            -74.             7.5              6.        -74.0095         7.69458         5.96179
    PART-1-1          42            -74.             7.5              7.        -74.0095         7.62472         6.96662
    PART-1-1          43            -74.             7.5              8.        -74.0076         7.56601         7.97787
    PART-1-1          44            -74.             7.5              9.        -74.0057         7.51856         8.98359
    PART-1-1          45        -74.4896         7.98609         3.57292        -74.4997         8.42873         3.57126
    PART-1-1          46        -74.4432         7.96601         1.98022        -74.4504         8.60944         1.97591
    PART-1-1          47        -74.5895         7.99155         4.52841        -74.5998         8.32596         4.52739
    PART-1-1          48         -74.507         7.98692         5.41927        -74.5165         8.23273         5.41807
    PART-1-1          49        -74.4588         8.02888         7.51146         -74.466         8.11932           7.513
    PART-1-1          50        -74.5384         7.97476     489.138E-03        -74.5404          8.8204     485.464E-03
    PART-1-1          51        -74.4749         8.03852         9.51031        -74.4775         8.04411         9.51078


  Part Instance     Node ID  Attached elements           U, U1           U, U2           U, U3
-----------------------------------------------------------------------------------------------
    PART-1-1           1              71     79.4348E-30    -353.428E-30    -1.02503E-27
    PART-1-1           1             103     79.4348E-30    -353.428E-30    -1.02503E-27
    PART-1-1           1             105     79.4348E-30    -353.428E-30    -1.02503E-27
    PART-1-1           1             107     79.4348E-30    -353.428E-30    -1.02503E-27
    PART-1-1           2              98     -103.61E-30     460.651E-30     1.02503E-27
    PART-1-1           2             100     -103.61E-30     460.651E-30     1.02503E-27
    PART-1-1           2             103     -103.61E-30     460.651E-30     1.02503E-27
    PART-1-1           2             104     -103.61E-30     460.651E-30     1.02503E-27
    PART-1-1           2             107     -103.61E-30     460.651E-30     1.02503E-27
    PART-1-1           3              47      1.0295E-03     914.009E-03     65.4197E-03
    PART-1-1           3              53      1.0295E-03     914.009E-03     65.4197E-03
    PART-1-1           3              54      1.0295E-03     914.009E-03     65.4197E-03
    PART-1-1           3              73      1.0295E-03     914.009E-03     65.4197E-03
    PART-1-1           3             102      1.0295E-03     914.009E-03     65.4197E-03
    PART-1-1           4              48    -653.382E-06     913.532E-03    -70.2057E-03
    PART-1-1           4              53    -653.382E-06     913.532E-03    -70.2057E-03
    PART-1-1           4              73    -653.382E-06     913.532E-03    -70.2057E-03
    PART-1-1           4              81    -653.382E-06     913.532E-03    -70.2057E-03
    PART-1-1           5              99     96.3869E-30    -332.453E-30     974.969E-30
    PART-1-1           5             100     96.3869E-30    -332.453E-30     974.969E-30
    PART-1-1           5             104     96.3869E-30    -332.453E-30     974.969E-30
    PART-1-1           5             106     96.3869E-30    -332.453E-30     974.969E-30
    PART-1-1           6              44     571.683E-06     913.147E-03     70.4743E-03
    PART-1-1           6              54     571.683E-06     913.147E-03     70.4743E-03
    PART-1-1           6              80     571.683E-06     913.147E-03     70.4743E-03
    PART-1-1           6             102     571.683E-06     913.147E-03     70.4743E-03
    PART-1-1           7              48    -547.674E-06     911.678E-03    -65.3499E-03
    PART-1-1           7              73    -547.674E-06     911.678E-03    -65.3499E-03
    PART-1-1           7              79    -547.674E-06     911.678E-03    -65.3499E-03
    PART-1-1           7              80    -547.674E-06     911.678E-03    -65.3499E-03
    PART-1-1           7             102    -547.674E-06     911.678E-03    -65.3499E-03
    PART-1-1           8              99    -72.2121E-30     425.231E-30    -974.969E-30
    PART-1-1           8             104    -72.2121E-30     425.231E-30    -974.969E-30
    PART-1-1           8             105    -72.2121E-30     425.231E-30    -974.969E-30
    PART-1-1           8             107    -72.2121E-30     425.231E-30    -974.969E-30
    PART-1-1           8             108    -72.2121E-30     425.231E-30    -974.969E-30
    PART-1-1           9              51    -4.77574E-03     19.5823E-03      16.057E-03
    PART-1-1           9              63    -4.77574E-03     19.5823E-03      16.057E-03
    PART-1-1           9              71    -4.77574E-03     19.5823E-03      16.057E-03
    PART-1-1           9              83    -4.77574E-03     19.5823E-03      16.057E-03
    PART-1-1           9              84    -4.77574E-03     19.5823E-03      16.057E-03
    PART-1-1           9              87    -4.77574E-03     19.5823E-03      16.057E-03
    PART-1-1           9              88    -4.77574E-03     19.5823E-03      16.057E-03
    PART-1-1           9              97    -4.77574E-03     19.5823E-03      16.057E-03
    PART-1-1           9              98    -4.77574E-03     19.5823E-03      16.057E-03
    PART-1-1           9             103    -4.77574E-03     19.5823E-03      16.057E-03
    PART-1-1          10              10    -6.75333E-03     66.9972E-03     22.4323E-03
    PART-1-1          10              75    -6.75333E-03     66.9972E-03     22.4323E-03
    PART-1-1          10              77    -6.75333E-03     66.9972E-03     22.4323E-03
    PART-1-1          10              84    -6.75333E-03     66.9972E-03     22.4323E-03
    PART-1-1          10              85    -6.75333E-03     66.9972E-03     22.4323E-03
    PART-1-1          10              88    -6.75333E-03     66.9972E-03     22.4323E-03
    PART-1-1          11              22    -7.86165E-03     126.454E-03     32.7962E-03
    PART-1-1          11              26    -7.86165E-03     126.454E-03     32.7962E-03
    PART-1-1          11              27    -7.86165E-03     126.454E-03     32.7962E-03
    PART-1-1          11              29    -7.86165E-03     126.454E-03     32.7962E-03
    PART-1-1          11              75    -7.86165E-03     126.454E-03     32.7962E-03
    PART-1-1          11              85    -7.86165E-03     126.454E-03     32.7962E-03
    PART-1-1          12               5    -7.81908E-03     196.294E-03     37.8352E-03
    PART-1-1          12               7    -7.81908E-03     196.294E-03     37.8352E-03
    PART-1-1          12              26    -7.81908E-03     196.294E-03     37.8352E-03
    PART-1-1          12              29    -7.81908E-03     196.294E-03     37.8352E-03
    PART-1-1          12              43    -7.81908E-03     196.294E-03     37.8352E-03
    PART-1-1          12              66    -7.81908E-03     196.294E-03     37.8352E-03
    PART-1-1          12              67    -7.81908E-03     196.294E-03     37.8352E-03
    PART-1-1          12              82    -7.81908E-03     196.294E-03     37.8352E-03
    PART-1-1          13               6    -10.0783E-03       285.9E-03     47.1912E-03
    PART-1-1          13               7    -10.0783E-03       285.9E-03     47.1912E-03
    PART-1-1          13              12    -10.0783E-03       285.9E-03     47.1912E-03
    PART-1-1          13              36    -10.0783E-03       285.9E-03     47.1912E-03
    PART-1-1          13              45    -10.0783E-03       285.9E-03     47.1912E-03
    PART-1-1          13              60    -10.0783E-03       285.9E-03     47.1912E-03
    PART-1-1          13              61    -10.0783E-03       285.9E-03     47.1912E-03
    PART-1-1          13              67    -10.0783E-03       285.9E-03     47.1912E-03
    PART-1-1          14               1    -10.4342E-03     392.766E-03     54.8085E-03
    PART-1-1          14               3    -10.4342E-03     392.766E-03     54.8085E-03
    PART-1-1          14              33    -10.4342E-03     392.766E-03     54.8085E-03
    PART-1-1          14              46    -10.4342E-03     392.766E-03     54.8085E-03
    PART-1-1          14              57    -10.4342E-03     392.766E-03     54.8085E-03
    PART-1-1          14              60    -10.4342E-03     392.766E-03     54.8085E-03
    PART-1-1          14              61    -10.4342E-03     392.766E-03     54.8085E-03
    PART-1-1          14              69    -10.4342E-03     392.766E-03     54.8085E-03
    PART-1-1          15               1    -8.90821E-03     514.075E-03     59.9622E-03
    PART-1-1          15              16    -8.90821E-03     514.075E-03     59.9622E-03
    PART-1-1          15              19    -8.90821E-03     514.075E-03     59.9622E-03
    PART-1-1          15              55    -8.90821E-03     514.075E-03     59.9622E-03
    PART-1-1          15              58    -8.90821E-03     514.075E-03     59.9622E-03
    PART-1-1          15              59    -8.90821E-03     514.075E-03     59.9622E-03
    PART-1-1          15              62    -8.90821E-03     514.075E-03     59.9622E-03
    PART-1-1          15              69    -8.90821E-03     514.075E-03     59.9622E-03
    PART-1-1          16              19    -7.17656E-03     641.802E-03     63.0103E-03
    PART-1-1          16              41    -7.17656E-03     641.802E-03     63.0103E-03
    PART-1-1          16              56    -7.17656E-03     641.802E-03     63.0103E-03
    PART-1-1          16              58    -7.17656E-03     641.802E-03     63.0103E-03
    PART-1-1          16              93    -7.17656E-03     641.802E-03     63.0103E-03
    PART-1-1          16              95    -7.17656E-03     641.802E-03     63.0103E-03
    PART-1-1          17               8    -3.47821E-03     776.072E-03     64.7878E-03
    PART-1-1          17              42    -3.47821E-03     776.072E-03     64.7878E-03
    PART-1-1          17              44    -3.47821E-03     776.072E-03     64.7878E-03
    PART-1-1          17              47    -3.47821E-03     776.072E-03     64.7878E-03
    PART-1-1          17              54    -3.47821E-03     776.072E-03     64.7878E-03
    PART-1-1          17              72    -3.47821E-03     776.072E-03     64.7878E-03
    PART-1-1          17              92    -3.47821E-03     776.072E-03     64.7878E-03
    PART-1-1          17              93    -3.47821E-03     776.072E-03     64.7878E-03
    PART-1-1          17              95    -3.47821E-03     776.072E-03     64.7878E-03
    PART-1-1          17             101    -3.47821E-03     776.072E-03     64.7878E-03
    PART-1-1          18               8    -4.88629E-03       776.3E-03    -69.2198E-03
    PART-1-1          18               9    -4.88629E-03       776.3E-03    -69.2198E-03
    PART-1-1          18              14    -4.88629E-03       776.3E-03    -69.2198E-03
    PART-1-1          18              47    -4.88629E-03       776.3E-03    -69.2198E-03
    PART-1-1          18              53    -4.88629E-03       776.3E-03    -69.2198E-03
    PART-1-1          18              72    -4.88629E-03       776.3E-03    -69.2198E-03
    PART-1-1          18              81    -4.88629E-03       776.3E-03    -69.2198E-03
    PART-1-1          18             101    -4.88629E-03       776.3E-03    -69.2198E-03
    PART-1-1          19              14    -7.40161E-03     642.308E-03    -66.5237E-03
    PART-1-1          19              17    -7.40161E-03     642.308E-03    -66.5237E-03
    PART-1-1          19              20    -7.40161E-03     642.308E-03    -66.5237E-03
    PART-1-1          19              41    -7.40161E-03     642.308E-03    -66.5237E-03
    PART-1-1          19              72    -7.40161E-03     642.308E-03    -66.5237E-03
    PART-1-1          19              93    -7.40161E-03     642.308E-03    -66.5237E-03
    PART-1-1          20               2    -9.81158E-03     514.688E-03    -63.5411E-03
    PART-1-1          20              17    -9.81158E-03     514.688E-03    -63.5411E-03
    PART-1-1          20              30    -9.81158E-03     514.688E-03    -63.5411E-03
    PART-1-1          20              41    -9.81158E-03     514.688E-03    -63.5411E-03
    PART-1-1          20              58    -9.81158E-03     514.688E-03    -63.5411E-03
    PART-1-1          20              59    -9.81158E-03     514.688E-03    -63.5411E-03
    PART-1-1          20              62    -9.81158E-03     514.688E-03    -63.5411E-03
    PART-1-1          20              65    -9.81158E-03     514.688E-03    -63.5411E-03
    PART-1-1          21              13    -10.9138E-03     393.541E-03    -57.4994E-03
    PART-1-1          21              30    -10.9138E-03     393.541E-03    -57.4994E-03
    PART-1-1          21              33    -10.9138E-03     393.541E-03    -57.4994E-03
    PART-1-1          21              35    -10.9138E-03     393.541E-03    -57.4994E-03
    PART-1-1          21              37    -10.9138E-03     393.541E-03    -57.4994E-03
    PART-1-1          21              57    -10.9138E-03     393.541E-03    -57.4994E-03
    PART-1-1          21              59    -10.9138E-03     393.541E-03    -57.4994E-03
    PART-1-1          21              69    -10.9138E-03     393.541E-03    -57.4994E-03
    PART-1-1          22               6    -10.2961E-03     286.639E-03     -49.129E-03
    PART-1-1          22              11    -10.2961E-03     286.639E-03     -49.129E-03
    PART-1-1          22              33    -10.2961E-03     286.639E-03     -49.129E-03
    PART-1-1          22              37    -10.2961E-03     286.639E-03     -49.129E-03
    PART-1-1          22              45    -10.2961E-03     286.639E-03     -49.129E-03
    PART-1-1          22              60    -10.2961E-03     286.639E-03     -49.129E-03
    PART-1-1          22              64    -10.2961E-03     286.639E-03     -49.129E-03
    PART-1-1          22              89    -10.2961E-03     286.639E-03     -49.129E-03
    PART-1-1          23              23     -9.3219E-03     196.735E-03    -39.3947E-03
    PART-1-1          23              25     -9.3219E-03     196.735E-03    -39.3947E-03
    PART-1-1          23              43     -9.3219E-03     196.735E-03    -39.3947E-03
    PART-1-1          23              45     -9.3219E-03     196.735E-03    -39.3947E-03
    PART-1-1          23              49     -9.3219E-03     196.735E-03    -39.3947E-03
    PART-1-1          23              64     -9.3219E-03     196.735E-03    -39.3947E-03
    PART-1-1          23              66     -9.3219E-03     196.735E-03    -39.3947E-03
    PART-1-1          23              67     -9.3219E-03     196.735E-03    -39.3947E-03
    PART-1-1          23              82     -9.3219E-03     196.735E-03    -39.3947E-03
    PART-1-1          23              94     -9.3219E-03     196.735E-03    -39.3947E-03
    PART-1-1          24              22    -8.13818E-03      126.67E-03    -34.8856E-03
    PART-1-1          24              25    -8.13818E-03      126.67E-03    -34.8856E-03
    PART-1-1          24              29    -8.13818E-03      126.67E-03    -34.8856E-03
    PART-1-1          24              31    -8.13818E-03      126.67E-03    -34.8856E-03
    PART-1-1          24              66    -8.13818E-03      126.67E-03    -34.8856E-03
    PART-1-1          24              70    -8.13818E-03      126.67E-03    -34.8856E-03
    PART-1-1          25              22    -6.03032E-03     67.5475E-03    -23.7184E-03
    PART-1-1          25              31    -6.03032E-03     67.5475E-03    -23.7184E-03
    PART-1-1          25              74    -6.03032E-03     67.5475E-03    -23.7184E-03
    PART-1-1          25              75    -6.03032E-03     67.5475E-03    -23.7184E-03
    PART-1-1          25              77    -6.03032E-03     67.5475E-03    -23.7184E-03
    PART-1-1          25              78    -6.03032E-03     67.5475E-03    -23.7184E-03
    PART-1-1          26              71    -5.77978E-03     19.4297E-03    -16.6458E-03
    PART-1-1          26              74    -5.77978E-03     19.4297E-03    -16.6458E-03
    PART-1-1          26              77    -5.77978E-03     19.4297E-03    -16.6458E-03
    PART-1-1          26              84    -5.77978E-03     19.4297E-03    -16.6458E-03
    PART-1-1          26              87    -5.77978E-03     19.4297E-03    -16.6458E-03
    PART-1-1          26              97    -5.77978E-03     19.4297E-03    -16.6458E-03
    PART-1-1          26             105    -5.77978E-03     19.4297E-03    -16.6458E-03
    PART-1-1          26             108    -5.77978E-03     19.4297E-03    -16.6458E-03
    PART-1-1          27              50    -4.65689E-03     18.7805E-03     16.9362E-03
    PART-1-1          27              51    -4.65689E-03     18.7805E-03     16.9362E-03
    PART-1-1          27              63    -4.65689E-03     18.7805E-03     16.9362E-03
    PART-1-1          27              76    -4.65689E-03     18.7805E-03     16.9362E-03
    PART-1-1          27              83    -4.65689E-03     18.7805E-03     16.9362E-03
    PART-1-1          27              98    -4.65689E-03     18.7805E-03     16.9362E-03
    PART-1-1          27             100    -4.65689E-03     18.7805E-03     16.9362E-03
    PART-1-1          27             106    -4.65689E-03     18.7805E-03     16.9362E-03
    PART-1-1          28              10    -5.06469E-03     66.4982E-03     23.7018E-03
    PART-1-1          28              24    -5.06469E-03     66.4982E-03     23.7018E-03
    PART-1-1          28              50    -5.06469E-03     66.4982E-03     23.7018E-03
    PART-1-1          28              83    -5.06469E-03     66.4982E-03     23.7018E-03
    PART-1-1          28              88    -5.06469E-03     66.4982E-03     23.7018E-03
    PART-1-1          28              90    -5.06469E-03     66.4982E-03     23.7018E-03
    PART-1-1          29              10    -6.47312E-03     124.848E-03     34.8339E-03
    PART-1-1          29              27    -6.47312E-03     124.848E-03     34.8339E-03
    PART-1-1          29              28    -6.47312E-03     124.848E-03     34.8339E-03
    PART-1-1          29              85    -6.47312E-03     124.848E-03     34.8339E-03
    PART-1-1          29              86    -6.47312E-03     124.848E-03     34.8339E-03
    PART-1-1          29              90    -6.47312E-03     124.848E-03     34.8339E-03
    PART-1-1          30               4    -7.46883E-03      195.08E-03     39.2426E-03
    PART-1-1          30               5    -7.46883E-03      195.08E-03     39.2426E-03
    PART-1-1          30              23    -7.46883E-03      195.08E-03     39.2426E-03
    PART-1-1          30              26    -7.46883E-03      195.08E-03     39.2426E-03
    PART-1-1          30              27    -7.46883E-03      195.08E-03     39.2426E-03
    PART-1-1          30              40    -7.46883E-03      195.08E-03     39.2426E-03
    PART-1-1          30              43    -7.46883E-03      195.08E-03     39.2426E-03
    PART-1-1          30              49    -7.46883E-03      195.08E-03     39.2426E-03
    PART-1-1          30              82    -7.46883E-03      195.08E-03     39.2426E-03
    PART-1-1          30              86    -7.46883E-03      195.08E-03     39.2426E-03
    PART-1-1          31               4    -8.79543E-03     285.021E-03     49.0379E-03
    PART-1-1          31               5    -8.79543E-03     285.021E-03     49.0379E-03
    PART-1-1          31               7    -8.79543E-03     285.021E-03     49.0379E-03
    PART-1-1          31              12    -8.79543E-03     285.021E-03     49.0379E-03
    PART-1-1          31              34    -8.79543E-03     285.021E-03     49.0379E-03
    PART-1-1          31              36    -8.79543E-03     285.021E-03     49.0379E-03
    PART-1-1          31              38    -8.79543E-03     285.021E-03     49.0379E-03
    PART-1-1          31              68    -8.79543E-03     285.021E-03     49.0379E-03
    PART-1-1          32               3    -9.51215E-03     392.261E-03     56.9655E-03
    PART-1-1          32              32    -9.51215E-03     392.261E-03     56.9655E-03
    PART-1-1          32              34    -9.51215E-03     392.261E-03     56.9655E-03
    PART-1-1          32              36    -9.51215E-03     392.261E-03     56.9655E-03
    PART-1-1          32              39    -9.51215E-03     392.261E-03     56.9655E-03
    PART-1-1          32              46    -9.51215E-03     392.261E-03     56.9655E-03
    PART-1-1          32              52    -9.51215E-03     392.261E-03     56.9655E-03
    PART-1-1          32              61    -9.51215E-03     392.261E-03     56.9655E-03
    PART-1-1          33               1     -8.6286E-03     513.457E-03     63.2144E-03
    PART-1-1          33              15     -8.6286E-03     513.457E-03     63.2144E-03
    PART-1-1          33              16     -8.6286E-03     513.457E-03     63.2144E-03
    PART-1-1          33              18     -8.6286E-03     513.457E-03     63.2144E-03
    PART-1-1          33              21     -8.6286E-03     513.457E-03     63.2144E-03
    PART-1-1          33              46     -8.6286E-03     513.457E-03     63.2144E-03
    PART-1-1          33              52     -8.6286E-03     513.457E-03     63.2144E-03
    PART-1-1          33              55     -8.6286E-03     513.457E-03     63.2144E-03
    PART-1-1          34              15    -6.20814E-03     641.107E-03     66.3535E-03
    PART-1-1          34              19    -6.20814E-03     641.107E-03     66.3535E-03
    PART-1-1          34              55    -6.20814E-03     641.107E-03     66.3535E-03
    PART-1-1          34              56    -6.20814E-03     641.107E-03     66.3535E-03
    PART-1-1          34              91    -6.20814E-03     641.107E-03     66.3535E-03
    PART-1-1          34              96    -6.20814E-03     641.107E-03     66.3535E-03
    PART-1-1          35              42    -3.64182E-03     775.155E-03     69.0055E-03
    PART-1-1          35              44    -3.64182E-03     775.155E-03     69.0055E-03
    PART-1-1          35              56    -3.64182E-03     775.155E-03     69.0055E-03
    PART-1-1          35              79    -3.64182E-03     775.155E-03     69.0055E-03
    PART-1-1          35              80    -3.64182E-03     775.155E-03     69.0055E-03
    PART-1-1          35              91    -3.64182E-03     775.155E-03     69.0055E-03
    PART-1-1          35              92    -3.64182E-03     775.155E-03     69.0055E-03
    PART-1-1          35              95    -3.64182E-03     775.155E-03     69.0055E-03
    PART-1-1          36               8    -4.77173E-03     774.939E-03    -64.8938E-03
    PART-1-1          36               9    -4.77173E-03     774.939E-03    -64.8938E-03
    PART-1-1          36              42    -4.77173E-03     774.939E-03    -64.8938E-03
    PART-1-1          36              48    -4.77173E-03     774.939E-03    -64.8938E-03
    PART-1-1          36              79    -4.77173E-03     774.939E-03    -64.8938E-03
    PART-1-1          36              81    -4.77173E-03     774.939E-03    -64.8938E-03
    PART-1-1          36              91    -4.77173E-03     774.939E-03    -64.8938E-03
    PART-1-1          36              92    -4.77173E-03     774.939E-03    -64.8938E-03
    PART-1-1          36              96    -4.77173E-03     774.939E-03    -64.8938E-03
    PART-1-1          36             101    -4.77173E-03     774.939E-03    -64.8938E-03
    PART-1-1          37               9    -8.34284E-03     640.518E-03    -63.1059E-03
    PART-1-1          37              14    -8.34284E-03     640.518E-03    -63.1059E-03
    PART-1-1          37              15    -8.34284E-03     640.518E-03    -63.1059E-03
    PART-1-1          37              18    -8.34284E-03     640.518E-03    -63.1059E-03
    PART-1-1          37              20    -8.34284E-03     640.518E-03    -63.1059E-03
    PART-1-1          37              96    -8.34284E-03     640.518E-03    -63.1059E-03
    PART-1-1          38               2     -10.193E-03      512.91E-03    -59.9204E-03
    PART-1-1          38              17     -10.193E-03      512.91E-03    -59.9204E-03
    PART-1-1          38              18     -10.193E-03      512.91E-03    -59.9204E-03
    PART-1-1          38              20     -10.193E-03      512.91E-03    -59.9204E-03
    PART-1-1          38              21     -10.193E-03      512.91E-03    -59.9204E-03
    PART-1-1          38              32     -10.193E-03      512.91E-03    -59.9204E-03
    PART-1-1          38              52     -10.193E-03      512.91E-03    -59.9204E-03
    PART-1-1          38              65     -10.193E-03      512.91E-03    -59.9204E-03
    PART-1-1          39              13    -11.8441E-03     391.386E-03    -54.7232E-03
    PART-1-1          39              30    -11.8441E-03     391.386E-03    -54.7232E-03
    PART-1-1          39              32    -11.8441E-03     391.386E-03    -54.7232E-03
    PART-1-1          39              34    -11.8441E-03     391.386E-03    -54.7232E-03
    PART-1-1          39              35    -11.8441E-03     391.386E-03    -54.7232E-03
    PART-1-1          39              38    -11.8441E-03     391.386E-03    -54.7232E-03
    PART-1-1          39              39    -11.8441E-03     391.386E-03    -54.7232E-03
    PART-1-1          39              65    -11.8441E-03     391.386E-03    -54.7232E-03
    PART-1-1          40               4    -11.6925E-03     284.434E-03     -47.618E-03
    PART-1-1          40              11    -11.6925E-03     284.434E-03     -47.618E-03
    PART-1-1          40              35    -11.6925E-03     284.434E-03     -47.618E-03
    PART-1-1          40              37    -11.6925E-03     284.434E-03     -47.618E-03
    PART-1-1          40              38    -11.6925E-03     284.434E-03     -47.618E-03
    PART-1-1          40              40    -11.6925E-03     284.434E-03     -47.618E-03
    PART-1-1          40              68    -11.6925E-03     284.434E-03     -47.618E-03
    PART-1-1          40              89    -11.6925E-03     284.434E-03     -47.618E-03
    PART-1-1          41              23    -9.48833E-03     194.584E-03    -38.2148E-03
    PART-1-1          41              28    -9.48833E-03     194.584E-03    -38.2148E-03
    PART-1-1          41              40    -9.48833E-03     194.584E-03    -38.2148E-03
    PART-1-1          41              49    -9.48833E-03     194.584E-03    -38.2148E-03
    PART-1-1          41              64    -9.48833E-03     194.584E-03    -38.2148E-03
    PART-1-1          41              86    -9.48833E-03     194.584E-03    -38.2148E-03
    PART-1-1          41              89    -9.48833E-03     194.584E-03    -38.2148E-03
    PART-1-1          41              94    -9.48833E-03     194.584E-03    -38.2148E-03
    PART-1-1          42              24     -9.5479E-03     124.721E-03    -33.3772E-03
    PART-1-1          42              25     -9.5479E-03     124.721E-03    -33.3772E-03
    PART-1-1          42              28     -9.5479E-03     124.721E-03    -33.3772E-03
    PART-1-1          42              70     -9.5479E-03     124.721E-03    -33.3772E-03
    PART-1-1          42              90     -9.5479E-03     124.721E-03    -33.3772E-03
    PART-1-1          42              94     -9.5479E-03     124.721E-03    -33.3772E-03
    PART-1-1          43              24    -7.64831E-03     66.0089E-03    -22.1275E-03
    PART-1-1          43              31    -7.64831E-03     66.0089E-03    -22.1275E-03
    PART-1-1          43              50    -7.64831E-03     66.0089E-03    -22.1275E-03
    PART-1-1          43              70    -7.64831E-03     66.0089E-03    -22.1275E-03
    PART-1-1          43              76    -7.64831E-03     66.0089E-03    -22.1275E-03
    PART-1-1          43              78    -7.64831E-03     66.0089E-03    -22.1275E-03
    PART-1-1          44              51    -5.67874E-03      18.555E-03    -16.4067E-03
    PART-1-1          44              63    -5.67874E-03      18.555E-03    -16.4067E-03
    PART-1-1          44              74    -5.67874E-03      18.555E-03    -16.4067E-03
    PART-1-1          44              76    -5.67874E-03      18.555E-03    -16.4067E-03
    PART-1-1          44              78    -5.67874E-03      18.555E-03    -16.4067E-03
    PART-1-1          44              87    -5.67874E-03      18.555E-03    -16.4067E-03
    PART-1-1          44              97    -5.67874E-03      18.555E-03    -16.4067E-03
    PART-1-1          44              99    -5.67874E-03      18.555E-03    -16.4067E-03
    PART-1-1          44             106    -5.67874E-03      18.555E-03    -16.4067E-03
    PART-1-1          44             108    -5.67874E-03      18.555E-03    -16.4067E-03
    PART-1-1          45               1    -10.0922E-03     442.636E-03    -1.65937E-03
    PART-1-1          45               2    -10.0922E-03     442.636E-03    -1.65937E-03
    PART-1-1          45               3    -10.0922E-03     442.636E-03    -1.65937E-03
    PART-1-1          45              13    -10.0922E-03     442.636E-03    -1.65937E-03
    PART-1-1          45              16    -10.0922E-03     442.636E-03    -1.65937E-03
    PART-1-1          45              21    -10.0922E-03     442.636E-03    -1.65937E-03
    PART-1-1          45              30    -10.0922E-03     442.636E-03    -1.65937E-03
    PART-1-1          45              32    -10.0922E-03     442.636E-03    -1.65937E-03
    PART-1-1          45              39    -10.0922E-03     442.636E-03    -1.65937E-03
    PART-1-1          45              46    -10.0922E-03     442.636E-03    -1.65937E-03
    PART-1-1          45              52    -10.0922E-03     442.636E-03    -1.65937E-03
    PART-1-1          45              57    -10.0922E-03     442.636E-03    -1.65937E-03
    PART-1-1          45              59    -10.0922E-03     442.636E-03    -1.65937E-03
    PART-1-1          45              62    -10.0922E-03     442.636E-03    -1.65937E-03
    PART-1-1          45              65    -10.0922E-03     442.636E-03    -1.65937E-03
    PART-1-1          45              69    -10.0922E-03     442.636E-03    -1.65937E-03
    PART-1-1          46               2    -7.16542E-03     643.428E-03    -4.31151E-03
    PART-1-1          46               8    -7.16542E-03     643.428E-03    -4.31151E-03
    PART-1-1          46               9    -7.16542E-03     643.428E-03    -4.31151E-03
    PART-1-1          46              14    -7.16542E-03     643.428E-03    -4.31151E-03
    PART-1-1          46              15    -7.16542E-03     643.428E-03    -4.31151E-03
    PART-1-1          46              16    -7.16542E-03     643.428E-03    -4.31151E-03
    PART-1-1          46              17    -7.16542E-03     643.428E-03    -4.31151E-03
    PART-1-1          46              18    -7.16542E-03     643.428E-03    -4.31151E-03
    PART-1-1          46              19    -7.16542E-03     643.428E-03    -4.31151E-03
    PART-1-1          46              20    -7.16542E-03     643.428E-03    -4.31151E-03
    PART-1-1          46              21    -7.16542E-03     643.428E-03    -4.31151E-03
    PART-1-1          46              41    -7.16542E-03     643.428E-03    -4.31151E-03
    PART-1-1          46              55    -7.16542E-03     643.428E-03    -4.31151E-03
    PART-1-1          46              56    -7.16542E-03     643.428E-03    -4.31151E-03
    PART-1-1          46              58    -7.16542E-03     643.428E-03    -4.31151E-03
    PART-1-1          46              62    -7.16542E-03     643.428E-03    -4.31151E-03
    PART-1-1          46              72    -7.16542E-03     643.428E-03    -4.31151E-03
    PART-1-1          46              91    -7.16542E-03     643.428E-03    -4.31151E-03
    PART-1-1          46              92    -7.16542E-03     643.428E-03    -4.31151E-03
    PART-1-1          46              93    -7.16542E-03     643.428E-03    -4.31151E-03
    PART-1-1          46              95    -7.16542E-03     643.428E-03    -4.31151E-03
    PART-1-1          46              96    -7.16542E-03     643.428E-03    -4.31151E-03
    PART-1-1          47               3    -10.3167E-03     334.414E-03    -1.01245E-03
    PART-1-1          47               6    -10.3167E-03     334.414E-03    -1.01245E-03
    PART-1-1          47              11    -10.3167E-03     334.414E-03    -1.01245E-03
    PART-1-1          47              12    -10.3167E-03     334.414E-03    -1.01245E-03
    PART-1-1          47              13    -10.3167E-03     334.414E-03    -1.01245E-03
    PART-1-1          47              33    -10.3167E-03     334.414E-03    -1.01245E-03
    PART-1-1          47              34    -10.3167E-03     334.414E-03    -1.01245E-03
    PART-1-1          47              35    -10.3167E-03     334.414E-03    -1.01245E-03
    PART-1-1          47              36    -10.3167E-03     334.414E-03    -1.01245E-03
    PART-1-1          47              37    -10.3167E-03     334.414E-03    -1.01245E-03
    PART-1-1          47              38    -10.3167E-03     334.414E-03    -1.01245E-03
    PART-1-1          47              39    -10.3167E-03     334.414E-03    -1.01245E-03
    PART-1-1          47              57    -10.3167E-03     334.414E-03    -1.01245E-03
    PART-1-1          47              60    -10.3167E-03     334.414E-03    -1.01245E-03
    PART-1-1          47              61    -10.3167E-03     334.414E-03    -1.01245E-03
    PART-1-1          47              68    -10.3167E-03     334.414E-03    -1.01245E-03
    PART-1-1          48               4     -9.5466E-03     245.811E-03    -1.19832E-03
    PART-1-1          48               5     -9.5466E-03     245.811E-03    -1.19832E-03
    PART-1-1          48               6     -9.5466E-03     245.811E-03    -1.19832E-03
    PART-1-1          48               7     -9.5466E-03     245.811E-03    -1.19832E-03
    PART-1-1          48              11     -9.5466E-03     245.811E-03    -1.19832E-03
    PART-1-1          48              12     -9.5466E-03     245.811E-03    -1.19832E-03
    PART-1-1          48              40     -9.5466E-03     245.811E-03    -1.19832E-03
    PART-1-1          48              43     -9.5466E-03     245.811E-03    -1.19832E-03
    PART-1-1          48              45     -9.5466E-03     245.811E-03    -1.19832E-03
    PART-1-1          48              49     -9.5466E-03     245.811E-03    -1.19832E-03
    PART-1-1          48              64     -9.5466E-03     245.811E-03    -1.19832E-03
    PART-1-1          48              67     -9.5466E-03     245.811E-03    -1.19832E-03
    PART-1-1          48              68     -9.5466E-03     245.811E-03    -1.19832E-03
    PART-1-1          48              89     -9.5466E-03     245.811E-03    -1.19832E-03
    PART-1-1          49              10    -7.19374E-03     90.4341E-03     1.53779E-03
    PART-1-1          49              22    -7.19374E-03     90.4341E-03     1.53779E-03
    PART-1-1          49              23    -7.19374E-03     90.4341E-03     1.53779E-03
    PART-1-1          49              24    -7.19374E-03     90.4341E-03     1.53779E-03
    PART-1-1          49              25    -7.19374E-03     90.4341E-03     1.53779E-03
    PART-1-1          49              26    -7.19374E-03     90.4341E-03     1.53779E-03
    PART-1-1          49              27    -7.19374E-03     90.4341E-03     1.53779E-03
    PART-1-1          49              28    -7.19374E-03     90.4341E-03     1.53779E-03
    PART-1-1          49              29    -7.19374E-03     90.4341E-03     1.53779E-03
    PART-1-1          49              31    -7.19374E-03     90.4341E-03     1.53779E-03
    PART-1-1          49              50    -7.19374E-03     90.4341E-03     1.53779E-03
    PART-1-1          49              51    -7.19374E-03     90.4341E-03     1.53779E-03
    PART-1-1          49              66    -7.19374E-03     90.4341E-03     1.53779E-03
    PART-1-1          49              70    -7.19374E-03     90.4341E-03     1.53779E-03
    PART-1-1          49              74    -7.19374E-03     90.4341E-03     1.53779E-03
    PART-1-1          49              75    -7.19374E-03     90.4341E-03     1.53779E-03
    PART-1-1          49              76    -7.19374E-03     90.4341E-03     1.53779E-03
    PART-1-1          49              77    -7.19374E-03     90.4341E-03     1.53779E-03
    PART-1-1          49              78    -7.19374E-03     90.4341E-03     1.53779E-03
    PART-1-1          49              82    -7.19374E-03     90.4341E-03     1.53779E-03
    PART-1-1          49              83    -7.19374E-03     90.4341E-03     1.53779E-03
    PART-1-1          49              84    -7.19374E-03     90.4341E-03     1.53779E-03
    PART-1-1          49              85    -7.19374E-03     90.4341E-03     1.53779E-03
    PART-1-1          49              86    -7.19374E-03     90.4341E-03     1.53779E-03
    PART-1-1          49              87    -7.19374E-03     90.4341E-03     1.53779E-03
    PART-1-1          49              88    -7.19374E-03     90.4341E-03     1.53779E-03
    PART-1-1          49              90    -7.19374E-03     90.4341E-03     1.53779E-03
    PART-1-1          49              94    -7.19374E-03     90.4341E-03     1.53779E-03
    PART-1-1          50              42    -1.98942E-03     845.638E-03    -3.67375E-03
    PART-1-1          50              44    -1.98942E-03     845.638E-03    -3.67375E-03
    PART-1-1          50              47    -1.98942E-03     845.638E-03    -3.67375E-03
    PART-1-1          50              48    -1.98942E-03     845.638E-03    -3.67375E-03
    PART-1-1          50              53    -1.98942E-03     845.638E-03    -3.67375E-03
    PART-1-1          50              54    -1.98942E-03     845.638E-03    -3.67375E-03
    PART-1-1          50              73    -1.98942E-03     845.638E-03    -3.67375E-03
    PART-1-1          50              79    -1.98942E-03     845.638E-03    -3.67375E-03
    PART-1-1          50              80    -1.98942E-03     845.638E-03    -3.67375E-03
    PART-1-1          50              81    -1.98942E-03     845.638E-03    -3.67375E-03
    PART-1-1          50             101    -1.98942E-03     845.638E-03    -3.67375E-03
    PART-1-1          50             102    -1.98942E-03     845.638E-03    -3.67375E-03
    PART-1-1          51              63    -2.60517E-03     5.59629E-03     467.813E-06
    PART-1-1          51              71    -2.60517E-03     5.59629E-03     467.813E-06
    PART-1-1          51              97    -2.60517E-03     5.59629E-03     467.813E-06
    PART-1-1          51              98    -2.60517E-03     5.59629E-03     467.813E-06
    PART-1-1          51              99    -2.60517E-03     5.59629E-03     467.813E-06
    PART-1-1          51             100    -2.60517E-03     5.59629E-03     467.813E-06
    PART-1-1          51             103    -2.60517E-03     5.59629E-03     467.813E-06
    PART-1-1          51             104    -2.60517E-03     5.59629E-03     467.813E-06
    PART-1-1          51             105    -2.60517E-03     5.59629E-03     467.813E-06
    PART-1-1          51             106    -2.60517E-03     5.59629E-03     467.813E-06
    PART-1-1          51             107    -2.60517E-03     5.59629E-03     467.813E-06
    PART-1-1          51             108    -2.60517E-03     5.59629E-03     467.813E-06


       Total                                -328.031E-03         18.3244    -12.2844E-03


