      ___           ___                       ___       ___                   ___           ___      
     /\  \         /\__\          ___        /\__\     /\__\      ___        /\  \         /\  \     
    /  \  \       / /  /         /\  \      / /  /    / /  /     /\  \      /  \  \       /  \  \    
   / /\ \  \     / /__/          \ \  \    / /  /    / /  /      \ \  \    / /\ \  \     / /\ \  \   
  /  \-\ \  \   /  \  \ ___      /  \__\  / /  /    / /  /       /  \__\  /  \-\ \  \   / /  \ \  \  
 / /\ \ \ \__\ / /\ \  /\__\  __/ /\/__/ / /__/    / /__/     __/ /\/__/ / /\ \ \ \__\ / /__/ \ \__\
 \/__\ \/ /  / \/__\ \/ /  / /\/ /  /    \ \  \    \ \  \    /\/ /  /    \/__\ \/ /  / \ \  \ / /  / 
      \  /  /       \  /  /  \  /__/      \ \  \    \ \  \   \  /__/          \  /  /   \ \  / /  /  
       \/__/        / /  /    \ \__\       \ \  \    \ \  \   \ \__\           \/__/     \ \/ /  /   
                   / /  /      \/__/        \ \__\    \ \__\   \/__/  FEM analysis        \  /  /.jl    
                   \/__/                     \/__/     \/__/                               \/__/  

PHILLIPO.jl é um solver para estruturas sólidas, elásticas sobre carregamentos estáticos, e que se deforma linearmente.

PHILLIPO também:

      1. é apenas um projeto open-source de TCC;
      2. é desenvolvido por Lucas Bublitz, discente do curso de Bacharelado em Engenharia Mecânica na UDESC;
      3. é um projeto que não tem a pretensão de aplicação prática, mas de servir de referência para como, dentro das habilidades dos estudantes de engenharia, encapsular e organizar projetos de software de Elementos Finitos pelo Pkg.jl em módulo, e assim facilitar a sua distribuição;
      4. é um projeto que serviu para seu desenvolvedor compreender o próprio Método de Elementos Finitos, como também, sua aplicação em Julia;

Desenvolvido por Lucas Bublitz, sob a orientação de Pablo Muñoz
Número de threads: 8
Lendo arquivo JSON...                                                   0.003587 seconds (131 allocations: 8.430 KiB, 93.14% compilation time)
Tipo de problema: plane_stress
Construindo os elementos e a matrix de rigidez global paralelamente...  2.602049 seconds (3.41 M allocations: 227.495 MiB, 2.22% gc time, 277.53% compilation time)
Aplicando as restrições de força...                                     0.104094 seconds (68.21 k allocations: 4.391 MiB, 99.57% compilation time)
Resolvendo o sistema de (8, 8) 
  3.197946 seconds (3.16 M allocations: 212.021 MiB, 2.70% gc time, 99.99% compilation time)
Calculando as reações...                                                0.096909 seconds (174.89 k allocations: 11.794 MiB, 99.97% compilation time)
Somatório das reações: [1.4551915228366852e-10, -2.3283064365386963e-10]
Recuperando as tensões...                                             TESTE: (2,)
  0.618061 seconds (648.70 k allocations: 39.732 MiB, 99.80% compilation time)
Imprimindo o arquivo de saída...                                        0.141158 seconds (69.31 k allocations: 4.698 MiB, 99.21% compilation time)
Tempo total de execução:   7.313579 seconds (7.82 M allocations: 520.092 MiB, 1.97% gc time, 163.10% compilation time)
      ___           ___                       ___       ___                   ___           ___      
     /\  \         /\__\          ___        /\__\     /\__\      ___        /\  \         /\  \     
    /  \  \       / /  /         /\  \      / /  /    / /  /     /\  \      /  \  \       /  \  \    
   / /\ \  \     / /__/          \ \  \    / /  /    / /  /      \ \  \    / /\ \  \     / /\ \  \   
  /  \-\ \  \   /  \  \ ___      /  \__\  / /  /    / /  /       /  \__\  /  \-\ \  \   / /  \ \  \  
 / /\ \ \ \__\ / /\ \  /\__\  __/ /\/__/ / /__/    / /__/     __/ /\/__/ / /\ \ \ \__\ / /__/ \ \__\
 \/__\ \/ /  / \/__\ \/ /  / /\/ /  /    \ \  \    \ \  \    /\/ /  /    \/__\ \/ /  / \ \  \ / /  / 
      \  /  /       \  /  /  \  /__/      \ \  \    \ \  \   \  /__/          \  /  /   \ \  / /  /  
       \/__/        / /  /    \ \__\       \ \  \    \ \  \   \ \__\           \/__/     \ \/ /  /   
                   / /  /      \/__/        \ \__\    \ \__\   \/__/  FEM analysis        \  /  /.jl    
                   \/__/                     \/__/     \/__/                               \/__/  

PHILLIPO.jl é um solver para estruturas sólidas, elásticas sobre carregamentos estáticos, e que se deforma linearmente.

PHILLIPO também:

      1. é apenas um projeto open-source de TCC;
      2. é desenvolvido por Lucas Bublitz, discente do curso de Bacharelado em Engenharia Mecânica na UDESC;
      3. é um projeto que não tem a pretensão de aplicação prática, mas de servir de referência para como, dentro das habilidades dos estudantes de engenharia, encapsular e organizar projetos de software de Elementos Finitos pelo Pkg.jl em módulo, e assim facilitar a sua distribuição;
      4. é um projeto que serviu para seu desenvolvedor compreender o próprio Método de Elementos Finitos, como também, sua aplicação em Julia;

Desenvolvido por Lucas Bublitz, sob a orientação de Pablo Muñoz
Número de threads: 8
Lendo arquivo JSON...                                                   0.000225 seconds (117 allocations: 7.695 KiB)
Tipo de problema: plane_stress
Construindo os elementos e a matrix de rigidez global paralelamente...  0.000451 seconds (569 allocations: 40.406 KiB)
Aplicando as restrições de força...                                     0.000051 seconds (32 allocations: 1.344 KiB)
Resolvendo o sistema de (8, 8) 
  0.000062 seconds (79 allocations: 7.281 KiB)
Calculando as reações...                                                0.000003 seconds (6 allocations: 496 bytes)
Somatório das reações: [1.4551915228366852e-10, -2.3283064365386963e-10]
Recuperando as tensões...                                             TESTE: (2,)
  0.000323 seconds (676 allocations: 29.227 KiB)
Imprimindo o arquivo de saída...                                        0.000541 seconds (209 allocations: 18.422 KiB)
Tempo total de execução:   0.001848 seconds (1.92 k allocations: 120.047 KiB)
