      ___           ___                       ___       ___                   ___           ___      
     /\  \         /\__\          ___        /\__\     /\__\      ___        /\  \         /\  \     
    /  \  \       / /  /         /\  \      / /  /    / /  /     /\  \      /  \  \       /  \  \    
   / /\ \  \     / /__/          \ \  \    / /  /    / /  /      \ \  \    / /\ \  \     / /\ \  \   
  /  \-\ \  \   /  \  \ ___      /  \__\  / /  /    / /  /       /  \__\  /  \-\ \  \   / /  \ \  \  
 / /\ \ \ \__\ / /\ \  /\__\  __/ /\/__/ / /__/    / /__/     __/ /\/__/ / /\ \ \ \__\ / /__/ \ \__\
 \/__\ \/ /  / \/__\ \/ /  / /\/ /  /    \ \  \    \ \  \    /\/ /  /    \/__\ \/ /  / \ \  \ / /  / 
      \  /  /       \  /  /  \  /__/      \ \  \    \ \  \   \  /__/          \  /  /   \ \  / /  /  
       \/__/        / /  /    \ \__\       \ \  \    \ \  \   \ \__\           \/__/     \ \/ /  /   
                   / /  /      \/__/        \ \__\    \ \__\   \/__/  FEM analysis        \  /  /.jl    
                   \/__/                     \/__/     \/__/                               \/__/  



Número de threads: 16
Lendo arquivo JSON...                                                   0.688860 seconds (58.08 k allocations: 2.580 MiB, 99.96% compilation time)
Tipo de problema: plane_stress
Construindo os elementos e a matrix de rigidez global paralelamente...  1.796404 seconds (6.64 M allocations: 335.749 MiB, 11.68% gc time, 99.81% compilation time)
Aplicando as restrições de força...                                     0.365490 seconds (1.57 M allocations: 82.993 MiB, 6.32% gc time, 99.87% compilation time)
Resolvendo o sistema de (8, 8) 
  1.421224 seconds (4.74 M allocations: 238.517 MiB, 4.42% gc time, 99.87% compilation time)
Calculando as reações...                                                0.166337 seconds (391.26 k allocations: 20.115 MiB, 45.70% gc time, 99.94% compilation time)
Somatório das reações: [1.4551915228366852e-10, -2.3283064365386963e-10]
Recuperando as tensões...                                             TESTE: (2,)
  0.342504 seconds (1.03 M allocations: 54.320 MiB, 18.43% gc time, 99.80% compilation time)
Imprimindo o arquivo de saída...                                        0.057924 seconds (161.21 k allocations: 8.210 MiB, 98.77% compilation time)
Tempo total de execução:   5.116705 seconds (15.26 M allocations: 777.602 MiB, 8.50% gc time, 99.81% compilation time)
