********************************************************************************
Probe Values Report, written on Fri Nov 17 02:18:31 2023

Source
-------

   ODB: C:/temp/Job-1.odb
   Step: Step-1
   Frame: Increment      1: Step Time =    1.000
   Variable: U, All direct

Probe values reported at nodes

  Part Instance     Node ID                   Orig. Coords                                     Def. Coords                 
                                    X               Y               Z               X               Y               Z      
-------------------------------------------------------------------------------------------------------------------------
    PART-1-1           1              1.              1.              1.              1.              1.             1.1
    PART-1-1           2              1.              0.              1.      994.68E-03     -1.3367E-03     998.148E-03
    PART-1-1           3              1.              0.              0.              1.     3.04444E-27      1.9985E-27
    PART-1-1           4              1.              1.              0.              1.              1.     3.50198E-27
    PART-1-1           5              0.              0.              1.      14.554E-03      12.228E-03         1.02396
    PART-1-1           6              0.              0.              0.     1.09352E-27     2.27701E-27     1.89585E-27
    PART-1-1           7              0.              1.              0.       1.829E-27              1.     6.80475E-27
    PART-1-1           8              0.              1.              1.     1.72926E-27              1.             1.1
    PART-1-1           9     492.907E-03     533.767E-03     547.177E-03       494.1E-03     545.332E-03     575.218E-03


  Part Instance     Node ID  Attached elements           U, U1           U, U2           U, U3
-----------------------------------------------------------------------------------------------
    PART-1-1           1               5    -2.45798E-27     -652.75E-30        100.E-03
    PART-1-1           1               6    -2.45798E-27     -652.75E-30        100.E-03
    PART-1-1           1               8    -2.45798E-27     -652.75E-30        100.E-03
    PART-1-1           1              10    -2.45798E-27     -652.75E-30        100.E-03
    PART-1-1           2               1    -5.32004E-03     -1.3367E-03    -1.85191E-03
    PART-1-1           2               8    -5.32004E-03     -1.3367E-03    -1.85191E-03
    PART-1-1           2               9    -5.32004E-03     -1.3367E-03    -1.85191E-03
    PART-1-1           2              10    -5.32004E-03     -1.3367E-03    -1.85191E-03
    PART-1-1           2              11    -5.32004E-03     -1.3367E-03    -1.85191E-03
    PART-1-1           3               4    -1.49342E-27     3.04444E-27      1.9985E-27
    PART-1-1           3               6    -1.49342E-27     3.04444E-27      1.9985E-27
    PART-1-1           3               7    -1.49342E-27     3.04444E-27      1.9985E-27
    PART-1-1           3               8    -1.49342E-27     3.04444E-27      1.9985E-27
    PART-1-1           3              11    -1.49342E-27     3.04444E-27      1.9985E-27
    PART-1-1           4               5    -700.377E-30    -1.99179E-27     3.50198E-27
    PART-1-1           4               6    -700.377E-30    -1.99179E-27     3.50198E-27
    PART-1-1           4               7    -700.377E-30    -1.99179E-27     3.50198E-27
    PART-1-1           4              12    -700.377E-30    -1.99179E-27     3.50198E-27
    PART-1-1           5               1      14.554E-03      12.228E-03     23.9641E-03
    PART-1-1           5               2      14.554E-03      12.228E-03     23.9641E-03
    PART-1-1           5               3      14.554E-03      12.228E-03     23.9641E-03
    PART-1-1           5               9      14.554E-03      12.228E-03     23.9641E-03
    PART-1-1           6               1     1.09352E-27     2.27701E-27     1.89585E-27
    PART-1-1           6               2     1.09352E-27     2.27701E-27     1.89585E-27
    PART-1-1           6               4     1.09352E-27     2.27701E-27     1.89585E-27
    PART-1-1           6              11     1.09352E-27     2.27701E-27     1.89585E-27
    PART-1-1           7               2       1.829E-27     564.693E-30     6.80475E-27
    PART-1-1           7               3       1.829E-27     564.693E-30     6.80475E-27
    PART-1-1           7               4       1.829E-27     564.693E-30     6.80475E-27
    PART-1-1           7               7       1.829E-27     564.693E-30     6.80475E-27
    PART-1-1           7              12       1.829E-27     564.693E-30     6.80475E-27
    PART-1-1           8               3     1.72926E-27     -3.2416E-27        100.E-03
    PART-1-1           8               5     1.72926E-27     -3.2416E-27        100.E-03
    PART-1-1           8               9     1.72926E-27     -3.2416E-27        100.E-03
    PART-1-1           8              10     1.72926E-27     -3.2416E-27        100.E-03
    PART-1-1           8              12     1.72926E-27     -3.2416E-27        100.E-03
    PART-1-1           9               1     1.19228E-03      11.565E-03     28.0404E-03
    PART-1-1           9               2     1.19228E-03      11.565E-03     28.0404E-03
    PART-1-1           9               3     1.19228E-03      11.565E-03     28.0404E-03
    PART-1-1           9               4     1.19228E-03      11.565E-03     28.0404E-03
    PART-1-1           9               5     1.19228E-03      11.565E-03     28.0404E-03
    PART-1-1           9               6     1.19228E-03      11.565E-03     28.0404E-03
    PART-1-1           9               7     1.19228E-03      11.565E-03     28.0404E-03
    PART-1-1           9               8     1.19228E-03      11.565E-03     28.0404E-03
    PART-1-1           9               9     1.19228E-03      11.565E-03     28.0404E-03
    PART-1-1           9              10     1.19228E-03      11.565E-03     28.0404E-03
    PART-1-1           9              11     1.19228E-03      11.565E-03     28.0404E-03
    PART-1-1           9              12     1.19228E-03      11.565E-03     28.0404E-03


********************************************************************************
Probe Values Report, written on Fri Nov 17 02:19:04 2023

Source
-------

   ODB: C:/temp/Job-1.odb
   Step: Step-1
   Frame: Increment      1: Step Time =    1.000
   Variable: S, All direct (Not averaged)

Loc 1 : Integration point values

Probe values reported at integration points

  Part Instance  Element ID        Type  Attached nodes
--------------------------------------------------------------------------------
    PART-1-1           1        C3D4           2           6           5           9
    PART-1-1           2        C3D4           9           6           5           7
    PART-1-1           3        C3D4           7           9           8           5
    PART-1-1           4        C3D4           6           7           9           3
    PART-1-1           5        C3D4           4           9           1           8
    PART-1-1           6        C3D4           3           4           9           1
    PART-1-1           7        C3D4           3           7           9           4
    PART-1-1           8        C3D4           3           9           2           1
    PART-1-1           9        C3D4           5           9           8           2
    PART-1-1          10        C3D4           9           2           1           8
    PART-1-1          11        C3D4           6           9           2           3
    PART-1-1          12        C3D4           7           9           4           8


  Part Instance  Element ID        Type        Int. Pt.          S, S11          S, S22          S, S33          S, S12          S, S13          S, S23
--------------------------------------------------------------------------------
    PART-1-1           1        C3D4               1    -90.9573E+06     6.61804E+09     6.99059E+09    -637.915E+06    -909.626E+06     5.17203E+09
    PART-1-1           2        C3D4               1    -980.149E+06     1.23899E+09     5.11012E+09     798.683E+06     3.62163E+09     987.649E+06
    PART-1-1           3        C3D4               1     7.42606E+09     7.28382E+09      25.413E+09    -214.641E+06     1.43759E+09     6.14136E+09
    PART-1-1           4        C3D4               1      6.2086E+09      6.2086E+09     14.4867E+09     121.389E-18     175.993E+06     1.70712E+09
    PART-1-1           5        C3D4               1     9.11014E+09     5.10314E+09      25.264E+09    -206.548E+06              0.     4.62152E+09
    PART-1-1           6        C3D4               1     11.4507E+09     11.8305E+09     27.9844E+09    -1.84206E+09     4.24913E+09     229.588E-18
    PART-1-1           7        C3D4               1      6.2086E+09      6.2086E+09     14.4867E+09    -142.432E-18     175.993E+06     1.70712E+09
    PART-1-1           8        C3D4               1    -766.859E+06    -148.395E+06    -663.477E+06    -1.41522E+09     3.60189E+09     8.11854E+09
    PART-1-1           9        C3D4               1    -736.171E+06      498.95E+06      10.959E+09    -2.27113E+09    -2.83479E+09     3.90283E+09
    PART-1-1          10        C3D4               1     6.70973E+09     6.92566E+09     15.4401E+09     429.695E+06    -655.085E+06     6.05251E+09
    PART-1-1          11        C3D4               1     2.56666E+09     6.28802E+09      2.2675E+09     620.905E+06    -429.695E+06     4.28842E+09
    PART-1-1          12        C3D4               1     9.11014E+09     5.10314E+09      25.264E+09    -206.548E+06    -274.819E-18     4.62152E+09


********************************************************************************
Probe Values Report, written on Fri Nov 17 02:19:26 2023

Source
-------

   ODB: C:/temp/Job-1.odb
   Step: Step-1
   Frame: Increment      1: Step Time =    1.000
   Variable: S, Mises (Not averaged)

Loc 1 : Integration point values

Probe values reported at integration points

  Part Instance  Element ID        Type  Attached nodes
--------------------------------------------------------------------------------
    PART-1-1           1        C3D4           2           6           5           9
    PART-1-1           2        C3D4           9           6           5           7
    PART-1-1           3        C3D4           7           9           8           5
    PART-1-1           4        C3D4           6           7           9           3
    PART-1-1           5        C3D4           4           9           1           8
    PART-1-1           6        C3D4           3           4           9           1
    PART-1-1           7        C3D4           3           7           9           4
    PART-1-1           8        C3D4           3           9           2           1
    PART-1-1           9        C3D4           5           9           8           2
    PART-1-1          10        C3D4           9           2           1           8
    PART-1-1          11        C3D4           6           9           2           3
    PART-1-1          12        C3D4           7           9           4           8


  Part Instance  Element ID        Type        Int. Pt.        S, Mises
--------------------------------------------------------------------------------
    PART-1-1           1        C3D4               1     11.4718E+09
    PART-1-1           2        C3D4               1     8.52581E+09
    PART-1-1           3        C3D4               1     21.1091E+09
    PART-1-1           4        C3D4               1     8.79563E+09
    PART-1-1           5        C3D4               1     20.1478E+09
    PART-1-1           6        C3D4               1     18.2091E+09
    PART-1-1           7        C3D4               1     8.79563E+09
    PART-1-1           8        C3D4               1     15.5882E+09
    PART-1-1           9        C3D4               1     14.4615E+09
    PART-1-1          10        C3D4               1     13.6426E+09
    PART-1-1          11        C3D4               1     8.48136E+09
    PART-1-1          12        C3D4               1     20.1478E+09


