      ___           ___                       ___       ___                   ___           ___      
     /\  \         /\__\          ___        /\__\     /\__\      ___        /\  \         /\  \     
    /  \  \       / /  /         /\  \      / /  /    / /  /     /\  \      /  \  \       /  \  \    
   / /\ \  \     / /__/          \ \  \    / /  /    / /  /      \ \  \    / /\ \  \     / /\ \  \   
  /  \-\ \  \   /  \  \ ___      /  \__\  / /  /    / /  /       /  \__\  /  \-\ \  \   / /  \ \  \  
 / /\ \ \ \__\ / /\ \  /\__\  __/ /\/__/ / /__/    / /__/     __/ /\/__/ / /\ \ \ \__\ / /__/ \ \__\
 \/__\ \/ /  / \/__\ \/ /  / /\/ /  /    \ \  \    \ \  \    /\/ /  /    \/__\ \/ /  / \ \  \ / /  / 
      \  /  /       \  /  /  \  /__/      \ \  \    \ \  \   \  /__/          \  /  /   \ \  / /  /  
       \/__/        / /  /    \ \__\       \ \  \    \ \  \   \ \__\           \/__/     \ \/ /  /   
                   / /  /      \/__/        \ \__\    \ \__\   \/__/  FEM analysis        \  /  /.jl    
                   \/__/                     \/__/     \/__/                               \/__/  

PHILLIPO.jl é um solver para estruturas sólidas, elásticas sobre carregamentos estáticos, e que se deforma linearmente.

PHILLIPO também:

      1. é apenas um projeto open-source de TCC;
      2. é desenvolvido por Lucas Bublitz, discente do curso de Bacharelado em Engenharia Mecânica na UDESC;
      3. é um projeto que não tem a pretensão de aplicação prática, mas de servir de referência para como, dentro das habilidades dos estudantes de engenharia, encapsular e organizar projetos de software de Elementos Finitos pelo Pkg.jl em módulo, e assim facilitar a sua distribuição;
      4. é um projeto que serviu para seu desenvolvedor compreender o próprio Método de Elementos Finitos, como também, sua aplicação em Julia;

Desenvolvido por Lucas Bublitz, sob a orientação de Pablo Muñoz
Número de threads: 8
Lendo arquivo JSON...                                                   0.003405 seconds (197 allocations: 12.547 KiB, 93.31% compilation time)
Tipo de problema: 3D
Construindo os elementos e a matrix de rigidez global paralelamente...  3.014020 seconds (4.78 M allocations: 309.855 MiB, 2.12% gc time, 712.30% compilation time)
Aplicando as restrições de força...                                     0.078695 seconds (68.65 k allocations: 4.434 MiB, 99.41% compilation time)
Resolvendo o sistema de (27, 27) 
  1.950056 seconds (3.12 M allocations: 210.077 MiB, 3.33% gc time, 99.84% compilation time)
Calculando as reações...                                                0.065817 seconds (174.89 k allocations: 11.794 MiB, 99.95% compilation time)
Somatório das reações: [2.0736479200422764e-10, -4.0745362639427185e-10, -1.673470251262188e-10]
Recuperando as tensões...                                             TESTE: (12,)
  0.335400 seconds (655.74 k allocations: 40.466 MiB, 5.96% gc time, 99.37% compilation time)
Imprimindo o arquivo de saída...                                        0.077227 seconds (69.91 k allocations: 4.766 MiB, 99.04% compilation time)
Tempo total de execução:   5.897563 seconds (9.16 M allocations: 601.081 MiB, 2.52% gc time, 412.75% compilation time)
